<?xml version="1.0" encoding="UTF-8"?>
<!-- Generated by org.testng.reporters.JUnitReportReporter -->
<testsuite hostname="NARASIMHA" failures="0" tests="3" name="com.anz.testcases.UserInfo" time="25.558" errors="0" timestamp="2023-08-02T21:10:23 IST" skipped="0">
  <testcase classname="com.anz.testcases.UserInfo" name="getErrorMsg" time="7.889"/>
  <system-out/>
  <testcase classname="com.anz.testcases.UserInfo" name="getAmountwithProperDetails" time="15.201"/>
  <system-out/>
  <testcase classname="com.anz.testcases.UserInfo" name="startOverthePage" time="2.468"/>
  <system-out/>
</testsuite> <!-- com.anz.testcases.UserInfo -->
